[2020-10-18 11:23:21] START
[2020-10-18 11:23:54] EDIT nadarte/models/db.py: 3
[2020-10-18 11:24:35] CREATE estilo.py: 0
[2020-10-18 11:24:48] EDIT nadarte/controllers/estilo.py: 2
[2020-10-18 11:24:53] EDIT nadarte/controllers/estilo.py: 0
[2020-10-18 11:25:57] EDIT nadarte/models/menu.py: -84
[2020-10-18 11:27:42] EDIT nadarte/models/db.py: 4
[2020-10-18 11:28:00] CREATE atleta.py: 0
[2020-10-18 11:28:03] EDIT nadarte/controllers/atleta.py: -1
[2020-10-18 11:28:22] EDIT nadarte/controllers/atleta.py: 3
[2020-10-18 11:28:33] EDIT nadarte/models/menu.py: 0
[2020-10-18 11:29:45] EDIT nadarte/models/db.py: 10
[2020-10-18 11:30:29] CREATE tempo.py: 0
[2020-10-18 11:30:53] EDIT nadarte/controllers/tempo.py: 13
[2020-10-18 11:31:06] EDIT nadarte/models/menu.py: 0
[2020-10-18 11:32:45] EDIT nadarte/models/db.py: 0
[2020-10-18 11:50:17] EDIT nadarte/controllers/atleta.py: 1
[2020-10-18 11:50:34] EDIT nadarte/controllers/atleta.py: 0
[2020-10-18 11:50:59] EDIT nadarte/controllers/estilo.py: 1
[2020-10-18 11:51:01] EDIT nadarte/controllers/estilo.py: 0
[2020-10-18 11:51:29] EDIT nadarte/controllers/tempo.py: 1
[2020-10-18 11:51:39] EDIT nadarte/controllers/tempo.py: 0
[2020-10-18 12:01:38] EDIT nadarte/models/db.py: 1
[2020-10-18 12:01:57] EDIT nadarte/models/db.py: -1
[2020-10-18 12:02:16] EDIT nadarte/models/db.py: 1
[2020-10-18 12:02:52] EDIT nadarte/models/db.py: -1
[2020-10-18 12:03:15] EDIT nadarte/models/db.py: 1
[2020-10-18 12:35:41] EDIT nadarte/models/menu.py: 1
[2020-10-18 12:36:08] EDIT nadarte/models/menu.py: 0
[2020-10-18 12:37:09] EDIT nadarte/views/layout.html: 0
[2020-10-18 12:37:25] EDIT nadarte/views/layout.html: 0
[2020-10-18 12:38:00] EDIT nadarte/views/layout.html: 0
[2020-10-18 12:38:12] EDIT nadarte/views/layout.html: 1
[2020-10-18 12:38:14] EDIT nadarte/views/layout.html: 0
[2020-10-18 12:39:41] EDIT nadarte/views/layout.html: 0
[2020-10-18 12:39:54] EDIT nadarte/views/layout.html: 0
[2020-10-18 12:40:24] EDIT nadarte/views/layout.html: 2
[2020-10-18 12:40:38] EDIT nadarte/views/layout.html: 0
[2020-10-18 12:42:21] EDIT nadarte/views/layout.html: 0
[2020-10-18 12:42:34] EDIT nadarte/views/layout.html: 0
[2020-10-18 12:43:15] EDIT nadarte/views/layout.html: 0
[2020-10-18 12:44:26] EDIT nadarte/views/layout.html: 0
