timestamp: 2020-10-18T11:23:32.658666
CREATE TABLE "auth_user"(
    "id" INTEGER PRIMARY KEY AUTOINCREMENT,
    "first_name" CHAR(128),
    "last_name" CHAR(128),
    "email" CHAR(512),
    "password" CHAR(512),
    "registration_key" CHAR(512),
    "reset_password_key" CHAR(512),
    "registration_id" CHAR(512)
);
success!
timestamp: 2020-10-18T11:23:32.675713
CREATE TABLE "auth_group"(
    "id" INTEGER PRIMARY KEY AUTOINCREMENT,
    "role" CHAR(512),
    "description" TEXT
);
success!
timestamp: 2020-10-18T11:23:32.689915
CREATE TABLE "auth_membership"(
    "id" INTEGER PRIMARY KEY AUTOINCREMENT,
    "user_id" INTEGER REFERENCES "auth_user" ("id") ON DELETE CASCADE  ,
    "group_id" INTEGER REFERENCES "auth_group" ("id") ON DELETE CASCADE  
);
success!
timestamp: 2020-10-18T11:23:32.729601
CREATE TABLE "auth_permission"(
    "id" INTEGER PRIMARY KEY AUTOINCREMENT,
    "group_id" INTEGER REFERENCES "auth_group" ("id") ON DELETE CASCADE  ,
    "name" CHAR(512),
    "table_name" CHAR(512),
    "record_id" INTEGER
);
success!
timestamp: 2020-10-18T11:23:32.786404
CREATE TABLE "auth_event"(
    "id" INTEGER PRIMARY KEY AUTOINCREMENT,
    "time_stamp" TIMESTAMP,
    "client_ip" CHAR(512),
    "user_id" INTEGER REFERENCES "auth_user" ("id") ON DELETE CASCADE  ,
    "origin" CHAR(512),
    "description" TEXT
);
success!
timestamp: 2020-10-18T11:23:32.840169
CREATE TABLE "auth_cas"(
    "id" INTEGER PRIMARY KEY AUTOINCREMENT,
    "user_id" INTEGER REFERENCES "auth_user" ("id") ON DELETE CASCADE  ,
    "created_on" TIMESTAMP,
    "service" CHAR(512),
    "ticket" CHAR(512),
    "renew" CHAR(1)
);
success!
timestamp: 2020-10-18T11:24:32.694943
CREATE TABLE "estilos"(
    "id" INTEGER PRIMARY KEY AUTOINCREMENT,
    "descricao" CHAR(512)
);
success!
timestamp: 2020-10-18T11:28:18.043092
CREATE TABLE "atletas"(
    "id" INTEGER PRIMARY KEY AUTOINCREMENT,
    "nome" CHAR(512),
    "data_nascimento" DATE
);
success!
timestamp: 2020-10-18T11:30:18.120223
CREATE TABLE "tempos"(
    "id" INTEGER PRIMARY KEY AUTOINCREMENT,
    "data_treino" DATE,
    "atleta" INTEGER REFERENCES "atletas" ("id") ON DELETE CASCADE  ,
    "estilo" INTEGER REFERENCES "estilos" ("id") ON DELETE CASCADE  ,
    "distancia" DOUBLE,
    "tempo" TIME,
    "nadadeira" CHAR(1),
    "palmar" CHAR(1),
    "pubol" CHAR(1)
);
success!
timestamp: 2020-10-19T20:50:18.398262
ALTER TABLE "atletas" ADD "sexo" CHAR(512);
success!
